\BOOKMARK [0][-]{chapter.1}{\376\377\0001\000\040\000C\000i\000t\000y\000\040\000o\000f\000\040\000C\000h\000i\000c\000a\000g\000o\000\040\000C\000r\000i\000m\000e\000\040\000D\000a\000t\000a\000S\000e\000t}{}% 1
\BOOKMARK [1][-]{section.1.1}{\376\377\0001\000.\0001\000\040\000N\000O\000T\000A\000\040\000I\000M\000P\000O\000R\000T\000A\000N\000T\000E}{chapter.1}% 2
\BOOKMARK [1][-]{section.1.2}{\376\377\0001\000.\0002\000\040\000I\000n\000t\000r\000o\000d\000u\000c\000c\000i\000\363\000n}{chapter.1}% 3
\BOOKMARK [1][-]{section.1.3}{\376\377\0001\000.\0003\000\040\000T\000i\000p\000o\000\040\000d\000e\000\040\000d\000a\000t\000o\000\040\000C\000r\000i\000m\000e\000S\000e\000a\000r\000c\000h}{chapter.1}% 4
\BOOKMARK [2][-]{subsection.1.3.1}{\376\377\0001\000.\0003\000.\0001\000\040\000P\000a\000r\000t\000e\000\040\000P\000\372\000b\000l\000i\000c\000a}{section.1.3}% 5
\BOOKMARK [2][-]{subsection.1.3.2}{\376\377\0001\000.\0003\000.\0002\000\040\000P\000a\000r\000t\000e\000\040\000p\000r\000i\000v\000a\000d\000a}{section.1.3}% 6
\BOOKMARK [1][-]{section.1.4}{\376\377\0001\000.\0004\000\040\000I\000t\000e\000r\000a\000n\000d\000o\000\040\000s\000o\000b\000r\000e\000\040\000C\000S\000S}{chapter.1}% 7
\BOOKMARK [2][-]{subsection.1.4.1}{\376\377\0001\000.\0004\000.\0001\000\040\000A\000l\000g\000u\000n\000o\000s\000\040\000M\000\351\000t\000o\000d\000o\000s\000\040\000s\000o\000b\000r\000e\000\040\000i\000t\000e\000r\000a\000d\000o\000r\000e\000s}{section.1.4}% 8
\BOOKMARK [1][-]{section.1.5}{\376\377\0001\000.\0005\000\040\000C\000o\000n\000s\000u\000l\000t\000a\000\040\000L\000i\000b\000r\000e}{chapter.1}% 9
\BOOKMARK [2][-]{subsection.1.5.1}{\376\377\0001\000.\0005\000.\0001\000\040\000S\000e\000l\000e\000c\000c\000i\000\363\000n\000\040\000d\000e\000\040\000l\000o\000s\000\040\000k\000\040\000m\000e\000j\000o\000r\000e\000s\000\040\000e\000l\000e\000m\000e\000n\000t\000o\000s}{section.1.5}% 10
\BOOKMARK [0][-]{chapter.2}{\376\377\0002\000\040\000T\000o\000d\000o\000\040\000L\000i\000s\000t}{}% 11
\BOOKMARK [0][-]{chapter.3}{\376\377\0003\000\040\000C\000l\000a\000s\000s\000\040\000I\000n\000d\000e\000x}{}% 12
\BOOKMARK [1][-]{section.3.1}{\376\377\0003\000.\0001\000\040\000C\000l\000a\000s\000s\000\040\000L\000i\000s\000t}{chapter.3}% 13
\BOOKMARK [0][-]{chapter.4}{\376\377\0004\000\040\000C\000l\000a\000s\000s\000\040\000D\000o\000c\000u\000m\000e\000n\000t\000a\000t\000i\000o\000n}{}% 14
\BOOKMARK [1][-]{section.4.1}{\376\377\0004\000.\0001\000\040\000c\000r\000i\000m\000e\000n\000:\000:\000C\000o\000m\000p\000a\000r\000a\000c\000i\000o\000n\000P\000o\000r\000F\000e\000c\000h\000a\000\040\000C\000l\000a\000s\000s\000\040\000R\000e\000f\000e\000r\000e\000n\000c\000e}{chapter.4}% 15
\BOOKMARK [1][-]{section.4.2}{\376\377\0004\000.\0002\000\040\000c\000r\000i\000m\000e\000n\000:\000:\000C\000o\000m\000p\000a\000r\000a\000c\000i\000o\000n\000P\000o\000r\000I\000D\000\040\000C\000l\000a\000s\000s\000\040\000R\000e\000f\000e\000r\000e\000n\000c\000e}{chapter.4}% 16
\BOOKMARK [1][-]{section.4.3}{\376\377\0004\000.\0003\000\040\000c\000r\000i\000m\000e\000n\000:\000:\000C\000o\000m\000p\000a\000r\000a\000c\000i\000o\000n\000P\000o\000r\000I\000U\000C\000R\000\040\000C\000l\000a\000s\000s\000\040\000R\000e\000f\000e\000r\000e\000n\000c\000e}{chapter.4}% 17
\BOOKMARK [1][-]{section.4.4}{\376\377\0004\000.\0004\000\040\000c\000r\000i\000m\000e\000n\000\040\000C\000l\000a\000s\000s\000\040\000R\000e\000f\000e\000r\000e\000n\000c\000e}{chapter.4}% 18
\BOOKMARK [2][-]{subsection.4.4.1}{\376\377\0004\000.\0004\000.\0001\000\040\000D\000e\000t\000a\000i\000l\000e\000d\000\040\000D\000e\000s\000c\000r\000i\000p\000t\000i\000o\000n}{section.4.4}% 19
\BOOKMARK [2][-]{subsection.4.4.2}{\376\377\0004\000.\0004\000.\0002\000\040\000C\000o\000n\000s\000t\000r\000u\000c\000t\000o\000r\000\040\000\046\000\040\000D\000e\000s\000t\000r\000u\000c\000t\000o\000r\000\040\000D\000o\000c\000u\000m\000e\000n\000t\000a\000t\000i\000o\000n}{section.4.4}% 20
\BOOKMARK [3][-]{subsubsection.4.4.2.1}{\376\377\0004\000.\0004\000.\0002\000.\0001\000\040\000c\000r\000i\000m\000e\000n}{subsection.4.4.2}% 21
\BOOKMARK [3][-]{subsubsection.4.4.2.2}{\376\377\0004\000.\0004\000.\0002\000.\0002\000\040\000c\000r\000i\000m\000e\000n}{subsection.4.4.2}% 22
\BOOKMARK [2][-]{subsection.4.4.3}{\376\377\0004\000.\0004\000.\0003\000\040\000M\000e\000m\000b\000e\000r\000\040\000F\000u\000n\000c\000t\000i\000o\000n\000\040\000D\000o\000c\000u\000m\000e\000n\000t\000a\000t\000i\000o\000n}{section.4.4}% 23
\BOOKMARK [3][-]{subsubsection.4.4.3.1}{\376\377\0004\000.\0004\000.\0003\000.\0001\000\040\000g\000e\000t\000A\000r\000r\000e\000s\000t}{subsection.4.4.3}% 24
\BOOKMARK [3][-]{subsubsection.4.4.3.2}{\376\377\0004\000.\0004\000.\0003\000.\0002\000\040\000g\000e\000t\000C\000a\000s\000e\000N\000u\000m\000b\000e\000r}{subsection.4.4.3}% 25
\BOOKMARK [3][-]{subsubsection.4.4.3.3}{\376\377\0004\000.\0004\000.\0003\000.\0003\000\040\000g\000e\000t\000D\000a\000t\000e}{subsection.4.4.3}% 26
\BOOKMARK [3][-]{subsubsection.4.4.3.4}{\376\377\0004\000.\0004\000.\0003\000.\0004\000\040\000g\000e\000t\000D\000e\000s\000c\000r\000i\000p\000t\000i\000o\000n}{subsection.4.4.3}% 27
\BOOKMARK [3][-]{subsubsection.4.4.3.5}{\376\377\0004\000.\0004\000.\0003\000.\0005\000\040\000g\000e\000t\000I\000D}{subsection.4.4.3}% 28
\BOOKMARK [3][-]{subsubsection.4.4.3.6}{\376\377\0004\000.\0004\000.\0003\000.\0006\000\040\000g\000e\000t\000I\000U\000C\000R}{subsection.4.4.3}% 29
\BOOKMARK [3][-]{subsubsection.4.4.3.7}{\376\377\0004\000.\0004\000.\0003\000.\0007\000\040\000g\000e\000t\000L\000a\000t\000i\000t\000u\000d\000e}{subsection.4.4.3}% 30
\BOOKMARK [3][-]{subsubsection.4.4.3.8}{\376\377\0004\000.\0004\000.\0003\000.\0008\000\040\000g\000e\000t\000L\000o\000n\000g\000i\000t\000u\000d\000e}{subsection.4.4.3}% 31
\BOOKMARK [3][-]{subsubsection.4.4.3.9}{\376\377\0004\000.\0004\000.\0003\000.\0009\000\040\000o\000p\000e\000r\000a\000t\000o\000r\000<}{subsection.4.4.3}% 32
\BOOKMARK [3][-]{subsubsection.4.4.3.10}{\376\377\0004\000.\0004\000.\0003\000.\0001\0000\000\040\000o\000p\000e\000r\000a\000t\000o\000r\000=}{subsection.4.4.3}% 33
\BOOKMARK [3][-]{subsubsection.4.4.3.11}{\376\377\0004\000.\0004\000.\0003\000.\0001\0001\000\040\000o\000p\000e\000r\000a\000t\000o\000r\000=}{subsection.4.4.3}% 34
\BOOKMARK [3][-]{subsubsection.4.4.3.12}{\376\377\0004\000.\0004\000.\0003\000.\0001\0002\000\040\000o\000p\000e\000r\000a\000t\000o\000r\000=\000=}{subsection.4.4.3}% 35
\BOOKMARK [3][-]{subsubsection.4.4.3.13}{\376\377\0004\000.\0004\000.\0003\000.\0001\0003\000\040\000s\000e\000t\000A\000r\000r\000e\000s\000t}{subsection.4.4.3}% 36
\BOOKMARK [3][-]{subsubsection.4.4.3.14}{\376\377\0004\000.\0004\000.\0003\000.\0001\0004\000\040\000s\000e\000t\000C\000a\000s\000e\000N\000u\000m\000b\000e\000r}{subsection.4.4.3}% 37
\BOOKMARK [3][-]{subsubsection.4.4.3.15}{\376\377\0004\000.\0004\000.\0003\000.\0001\0005\000\040\000s\000e\000t\000D\000a\000t\000e}{subsection.4.4.3}% 38
\BOOKMARK [3][-]{subsubsection.4.4.3.16}{\376\377\0004\000.\0004\000.\0003\000.\0001\0006\000\040\000s\000e\000t\000D\000e\000s\000c\000r\000i\000p\000t\000i\000o\000n}{subsection.4.4.3}% 39
\BOOKMARK [3][-]{subsubsection.4.4.3.17}{\376\377\0004\000.\0004\000.\0003\000.\0001\0007\000\040\000s\000e\000t\000D\000o\000m\000e\000s\000t\000i\000c}{subsection.4.4.3}% 40
\BOOKMARK [3][-]{subsubsection.4.4.3.18}{\376\377\0004\000.\0004\000.\0003\000.\0001\0008\000\040\000s\000e\000t\000I\000D}{subsection.4.4.3}% 41
\BOOKMARK [3][-]{subsubsection.4.4.3.19}{\376\377\0004\000.\0004\000.\0003\000.\0001\0009\000\040\000s\000e\000t\000I\000U\000C\000R}{subsection.4.4.3}% 42
\BOOKMARK [2][-]{subsection.4.4.4}{\376\377\0004\000.\0004\000.\0004\000\040\000F\000r\000i\000e\000n\000d\000s\000\040\000A\000n\000d\000\040\000R\000e\000l\000a\000t\000e\000d\000\040\000F\000u\000n\000c\000t\000i\000o\000n\000\040\000D\000o\000c\000u\000m\000e\000n\000t\000a\000t\000i\000o\000n}{section.4.4}% 43
\BOOKMARK [3][-]{subsubsection.4.4.4.1}{\376\377\0004\000.\0004\000.\0004\000.\0001\000\040\000o\000p\000e\000r\000a\000t\000o\000r\000<\000<}{subsection.4.4.4}% 44
\BOOKMARK [1][-]{section.4.5}{\376\377\0004\000.\0005\000\040\000C\000S\000S\000\040\000C\000l\000a\000s\000s\000\040\000R\000e\000f\000e\000r\000e\000n\000c\000e}{chapter.4}% 45
\BOOKMARK [1][-]{section.4.6}{\376\377\0004\000.\0006\000\040\000C\000S\000S\000:\000:\000D\000a\000t\000e\000\137\000i\000t\000e\000r\000a\000t\000o\000r\000\040\000C\000l\000a\000s\000s\000\040\000R\000e\000f\000e\000r\000e\000n\000c\000e}{chapter.4}% 46
\BOOKMARK [1][-]{section.4.7}{\376\377\0004\000.\0007\000\040\000f\000e\000c\000h\000a\000\040\000C\000l\000a\000s\000s\000\040\000R\000e\000f\000e\000r\000e\000n\000c\000e}{chapter.4}% 47
\BOOKMARK [2][-]{subsection.4.7.1}{\376\377\0004\000.\0007\000.\0001\000\040\000C\000o\000n\000s\000t\000r\000u\000c\000t\000o\000r\000\040\000\046\000\040\000D\000e\000s\000t\000r\000u\000c\000t\000o\000r\000\040\000D\000o\000c\000u\000m\000e\000n\000t\000a\000t\000i\000o\000n}{section.4.7}% 48
\BOOKMARK [3][-]{subsubsection.4.7.1.1}{\376\377\0004\000.\0007\000.\0001\000.\0001\000\040\000f\000e\000c\000h\000a}{subsection.4.7.1}% 49
\BOOKMARK [3][-]{subsubsection.4.7.1.2}{\376\377\0004\000.\0007\000.\0001\000.\0002\000\040\000f\000e\000c\000h\000a}{subsection.4.7.1}% 50
\BOOKMARK [2][-]{subsection.4.7.2}{\376\377\0004\000.\0007\000.\0002\000\040\000M\000e\000m\000b\000e\000r\000\040\000F\000u\000n\000c\000t\000i\000o\000n\000\040\000D\000o\000c\000u\000m\000e\000n\000t\000a\000t\000i\000o\000n}{section.4.7}% 51
\BOOKMARK [3][-]{subsubsection.4.7.2.1}{\376\377\0004\000.\0007\000.\0002\000.\0001\000\040\000D\000a\000r\000F\000o\000r\000m\000a\000t\000o}{subsection.4.7.2}% 52
\BOOKMARK [3][-]{subsubsection.4.7.2.2}{\376\377\0004\000.\0007\000.\0002\000.\0002\000\040\000o\000p\000e\000r\000a\000t\000o\000r\000"\000!\000=}{subsection.4.7.2}% 53
\BOOKMARK [3][-]{subsubsection.4.7.2.3}{\376\377\0004\000.\0007\000.\0002\000.\0003\000\040\000o\000p\000e\000r\000a\000t\000o\000r\000<}{subsection.4.7.2}% 54
\BOOKMARK [3][-]{subsubsection.4.7.2.4}{\376\377\0004\000.\0007\000.\0002\000.\0004\000\040\000o\000p\000e\000r\000a\000t\000o\000r\000<\000=}{subsection.4.7.2}% 55
\BOOKMARK [3][-]{subsubsection.4.7.2.5}{\376\377\0004\000.\0007\000.\0002\000.\0005\000\040\000o\000p\000e\000r\000a\000t\000o\000r\000=}{subsection.4.7.2}% 56
\BOOKMARK [3][-]{subsubsection.4.7.2.6}{\376\377\0004\000.\0007\000.\0002\000.\0006\000\040\000o\000p\000e\000r\000a\000t\000o\000r\000=}{subsection.4.7.2}% 57
\BOOKMARK [3][-]{subsubsection.4.7.2.7}{\376\377\0004\000.\0007\000.\0002\000.\0007\000\040\000o\000p\000e\000r\000a\000t\000o\000r\000=\000=}{subsection.4.7.2}% 58
\BOOKMARK [3][-]{subsubsection.4.7.2.8}{\376\377\0004\000.\0007\000.\0002\000.\0008\000\040\000o\000p\000e\000r\000a\000t\000o\000r\000>}{subsection.4.7.2}% 59
\BOOKMARK [3][-]{subsubsection.4.7.2.9}{\376\377\0004\000.\0007\000.\0002\000.\0009\000\040\000o\000p\000e\000r\000a\000t\000o\000r\000>\000=}{subsection.4.7.2}% 60
\BOOKMARK [3][-]{subsubsection.4.7.2.10}{\376\377\0004\000.\0007\000.\0002\000.\0001\0000\000\040\000t\000o\000S\000t\000r\000i\000n\000g}{subsection.4.7.2}% 61
\BOOKMARK [2][-]{subsection.4.7.3}{\376\377\0004\000.\0007\000.\0003\000\040\000F\000r\000i\000e\000n\000d\000s\000\040\000A\000n\000d\000\040\000R\000e\000l\000a\000t\000e\000d\000\040\000F\000u\000n\000c\000t\000i\000o\000n\000\040\000D\000o\000c\000u\000m\000e\000n\000t\000a\000t\000i\000o\000n}{section.4.7}% 62
\BOOKMARK [3][-]{subsubsection.4.7.3.1}{\376\377\0004\000.\0007\000.\0003\000.\0001\000\040\000o\000p\000e\000r\000a\000t\000o\000r\000<\000<}{subsection.4.7.3}% 63
\BOOKMARK [1][-]{section.4.8}{\376\377\0004\000.\0008\000\040\000C\000S\000S\000:\000:\000i\000t\000e\000r\000a\000t\000o\000r\000\040\000C\000l\000a\000s\000s\000\040\000R\000e\000f\000e\000r\000e\000n\000c\000e}{chapter.4}% 64
\BOOKMARK [1][-]{section.4.9}{\376\377\0004\000.\0009\000\040\000C\000S\000S\000:\000:\000I\000U\000C\000R\000\137\000i\000t\000e\000r\000a\000t\000o\000r\000\040\000C\000l\000a\000s\000s\000\040\000R\000e\000f\000e\000r\000e\000n\000c\000e}{chapter.4}% 65
